2017-12-27 11:27:10,137 : INFO : 'pattern' package not found; tag filters are not available for English
2017-12-27 11:27:31,183 : WARNING : consider setting layer size to a multiple of 4 for greater performance
2017-12-27 11:27:31,183 : INFO : collecting all words and their counts
2017-12-27 11:27:31,183 : WARNING : Each 'sentences' item should be a list of words (usually unicode strings). First item here is instead plain <class 'str'>.
2017-12-27 11:27:31,184 : INFO : PROGRESS: at sentence #0, processed 0 words, keeping 0 word types
2017-12-27 11:27:31,242 : INFO : collected 108 word types from a corpus of 389683 raw words and 4743 sentences
2017-12-27 11:27:31,242 : INFO : Loading a fresh vocabulary
2017-12-27 11:27:31,243 : INFO : min_count=1 retains 108 unique words (100% of original 108, drops 0)
2017-12-27 11:27:31,243 : INFO : min_count=1 leaves 389683 word corpus (100% of original 389683, drops 0)
2017-12-27 11:27:31,243 : INFO : deleting the raw counts dictionary of 108 items
2017-12-27 11:27:31,244 : INFO : sample=0.001 downsamples 33 most-common words
2017-12-27 11:27:31,244 : INFO : downsampling leaves estimated 82247 word corpus (21.1% of prior 389683)
2017-12-27 11:27:31,244 : INFO : estimated required memory for 108 words and 25 dimensions: 75600 bytes
2017-12-27 11:27:31,244 : INFO : resetting layer weights
2017-12-27 11:27:31,246 : INFO : training model with 3 workers on 108 vocabulary and 25 features, using sg=0 hs=0 sample=0.001 negative=5 window=5
2017-12-27 11:27:31,826 : INFO : worker thread finished; awaiting finish of 2 more threads
2017-12-27 11:27:31,826 : INFO : worker thread finished; awaiting finish of 1 more threads
2017-12-27 11:27:31,828 : INFO : worker thread finished; awaiting finish of 0 more threads
2017-12-27 11:27:31,828 : INFO : training on 3117464 raw words (658118 effective words) took 0.6s, 1134613 effective words/s
2017-12-27 11:27:31,828 : INFO : training model with 3 workers on 108 vocabulary and 25 features, using sg=0 hs=0 sample=0.001 negative=5 window=5
2017-12-27 11:27:32,391 : INFO : worker thread finished; awaiting finish of 2 more threads
2017-12-27 11:27:32,392 : INFO : worker thread finished; awaiting finish of 1 more threads
2017-12-27 11:27:32,393 : INFO : worker thread finished; awaiting finish of 0 more threads
2017-12-27 11:27:32,393 : INFO : training on 3117464 raw words (657492 effective words) took 0.6s, 1166886 effective words/s
2017-12-27 11:29:36,333 : WARNING : consider setting layer size to a multiple of 4 for greater performance
2017-12-27 11:29:36,333 : INFO : collecting all words and their counts
2017-12-27 11:29:36,333 : WARNING : Each 'sentences' item should be a list of words (usually unicode strings). First item here is instead plain <class 'str'>.
2017-12-27 11:29:36,333 : INFO : PROGRESS: at sentence #0, processed 0 words, keeping 0 word types
2017-12-27 11:29:36,400 : INFO : collected 108 word types from a corpus of 389683 raw words and 4743 sentences
2017-12-27 11:29:36,400 : INFO : Loading a fresh vocabulary
2017-12-27 11:29:36,402 : INFO : min_count=1 retains 108 unique words (100% of original 108, drops 0)
2017-12-27 11:29:36,402 : INFO : min_count=1 leaves 389683 word corpus (100% of original 389683, drops 0)
2017-12-27 11:29:36,402 : INFO : deleting the raw counts dictionary of 108 items
2017-12-27 11:29:36,403 : INFO : sample=0.001 downsamples 33 most-common words
2017-12-27 11:29:36,403 : INFO : downsampling leaves estimated 82247 word corpus (21.1% of prior 389683)
2017-12-27 11:29:36,403 : INFO : estimated required memory for 108 words and 25 dimensions: 75600 bytes
2017-12-27 11:29:36,403 : INFO : resetting layer weights
2017-12-27 11:29:36,404 : INFO : training model with 3 workers on 108 vocabulary and 25 features, using sg=0 hs=0 sample=0.001 negative=5 window=5
2017-12-27 11:29:36,937 : INFO : worker thread finished; awaiting finish of 2 more threads
2017-12-27 11:29:36,937 : INFO : worker thread finished; awaiting finish of 1 more threads
2017-12-27 11:29:36,938 : INFO : worker thread finished; awaiting finish of 0 more threads
2017-12-27 11:29:36,938 : INFO : training on 3117464 raw words (657039 effective words) took 0.5s, 1234840 effective words/s
2017-12-27 11:29:38,055 : INFO : training model with 3 workers on 108 vocabulary and 25 features, using sg=0 hs=0 sample=0.001 negative=5 window=5
2017-12-27 11:29:38,619 : INFO : worker thread finished; awaiting finish of 2 more threads
2017-12-27 11:29:38,619 : INFO : worker thread finished; awaiting finish of 1 more threads
2017-12-27 11:29:38,620 : INFO : worker thread finished; awaiting finish of 0 more threads
2017-12-27 11:29:38,620 : INFO : training on 3117464 raw words (656468 effective words) took 0.6s, 1168454 effective words/s
