2017-12-15 21:08:11,449 - tensorflow - INFO - Using default config.
2017-12-15 21:08:11,454 - tensorflow - WARNING - Using temporary folder as model directory: /var/folders/82/j4f142kd5_79ssjvmy2k_3pw0000gn/T/tmpj3r0qn0s
2017-12-15 21:08:11,461 - tensorflow - INFO - Using config: {'_model_dir': '/var/folders/82/j4f142kd5_79ssjvmy2k_3pw0000gn/T/tmpj3r0qn0s', '_tf_random_seed': None, '_save_summary_steps': 100, '_save_checkpoints_steps': None, '_save_checkpoints_secs': 600, '_session_config': None, '_keep_checkpoint_max': 5, '_keep_checkpoint_every_n_hours': 10000, '_log_step_count_steps': 100, '_service': None, '_cluster_spec': <tensorflow.python.training.server_lib.ClusterSpec object at 0x10b9745c0>, '_task_type': 'worker', '_task_id': 0, '_master': '', '_is_chief': True, '_num_ps_replicas': 0, '_num_worker_replicas': 1}
2017-12-15 21:08:11,743 - tensorflow - INFO - Create CheckpointSaverHook.
2017-12-15 21:08:13,184 - tensorflow - INFO - Saving checkpoints for 1 into /var/folders/82/j4f142kd5_79ssjvmy2k_3pw0000gn/T/tmpj3r0qn0s/model.ckpt.
2017-12-15 21:08:13,529 - tensorflow - INFO - loss = 328.551, step = 1
2017-12-15 21:08:14,747 - tensorflow - INFO - global_step/sec: 82.0874
2017-12-15 21:08:14,751 - tensorflow - INFO - loss = 112.032, step = 101 (1.222 sec)
2017-12-15 21:08:15,835 - tensorflow - INFO - Saving checkpoints for 200 into /var/folders/82/j4f142kd5_79ssjvmy2k_3pw0000gn/T/tmpj3r0qn0s/model.ckpt.
2017-12-15 21:08:16,120 - tensorflow - INFO - Loss for final step: 92.4079.
2017-12-15 21:08:16,544 - tensorflow - WARNING - Casting <dtype: 'float32'> labels to bool.
2017-12-15 21:08:16,785 - tensorflow - WARNING - Casting <dtype: 'float32'> labels to bool.
2017-12-15 21:08:17,044 - tensorflow - INFO - Starting evaluation at 2017-12-16-05:08:17
2017-12-15 21:08:17,162 - tensorflow - INFO - Restoring parameters from /var/folders/82/j4f142kd5_79ssjvmy2k_3pw0000gn/T/tmpj3r0qn0s/model.ckpt-200
2017-12-15 21:11:24,778 - tensorflow - INFO - Using default config.
2017-12-15 21:11:24,784 - tensorflow - WARNING - Using temporary folder as model directory: /var/folders/82/j4f142kd5_79ssjvmy2k_3pw0000gn/T/tmpb7dvlijr
2017-12-15 21:11:24,790 - tensorflow - INFO - Using config: {'_model_dir': '/var/folders/82/j4f142kd5_79ssjvmy2k_3pw0000gn/T/tmpb7dvlijr', '_tf_random_seed': None, '_save_summary_steps': 100, '_save_checkpoints_steps': None, '_save_checkpoints_secs': 600, '_session_config': None, '_keep_checkpoint_max': 5, '_keep_checkpoint_every_n_hours': 10000, '_log_step_count_steps': 100, '_service': None, '_cluster_spec': <tensorflow.python.training.server_lib.ClusterSpec object at 0x1a1ea32f28>, '_task_type': 'worker', '_task_id': 0, '_master': '', '_is_chief': True, '_num_ps_replicas': 0, '_num_worker_replicas': 1}
2017-12-15 21:11:24,870 - tensorflow - DEBUG - Transforming feature_column _NumericColumn(key='x', shape=(2413,), default_value=None, dtype=tf.float32, normalizer_fn=None).
2017-12-15 21:11:25,113 - tensorflow - INFO - Create CheckpointSaverHook.
2017-12-15 21:12:19,989 - tensorflow - INFO - Using default config.
2017-12-15 21:12:19,991 - tensorflow - WARNING - Using temporary folder as model directory: /var/folders/82/j4f142kd5_79ssjvmy2k_3pw0000gn/T/tmps76dt3rl
2017-12-15 21:12:19,993 - tensorflow - INFO - Using config: {'_model_dir': '/var/folders/82/j4f142kd5_79ssjvmy2k_3pw0000gn/T/tmps76dt3rl', '_tf_random_seed': None, '_save_summary_steps': 100, '_save_checkpoints_steps': None, '_save_checkpoints_secs': 600, '_session_config': None, '_keep_checkpoint_max': 5, '_keep_checkpoint_every_n_hours': 10000, '_log_step_count_steps': 100, '_service': None, '_cluster_spec': <tensorflow.python.training.server_lib.ClusterSpec object at 0x1a26148ef0>, '_task_type': 'worker', '_task_id': 0, '_master': '', '_is_chief': True, '_num_ps_replicas': 0, '_num_worker_replicas': 1}
2017-12-15 21:12:20,036 - tensorflow - DEBUG - Transforming feature_column _NumericColumn(key='x', shape=(2413,), default_value=None, dtype=tf.float32, normalizer_fn=None).
2017-12-15 21:12:20,351 - tensorflow - INFO - Create CheckpointSaverHook.
2017-12-15 21:15:27,139 - tensorflow - INFO - this is a test message
2017-12-15 21:15:29,461 - tensorflow - INFO - Using default config.
2017-12-15 21:15:29,466 - tensorflow - WARNING - Using temporary folder as model directory: /var/folders/82/j4f142kd5_79ssjvmy2k_3pw0000gn/T/tmpmu1wi5zj
2017-12-15 21:15:29,468 - tensorflow - INFO - Using config: {'_model_dir': '/var/folders/82/j4f142kd5_79ssjvmy2k_3pw0000gn/T/tmpmu1wi5zj', '_tf_random_seed': None, '_save_summary_steps': 100, '_save_checkpoints_steps': None, '_save_checkpoints_secs': 600, '_session_config': None, '_keep_checkpoint_max': 5, '_keep_checkpoint_every_n_hours': 10000, '_log_step_count_steps': 100, '_service': None, '_cluster_spec': <tensorflow.python.training.server_lib.ClusterSpec object at 0x1a24e71320>, '_task_type': 'worker', '_task_id': 0, '_master': '', '_is_chief': True, '_num_ps_replicas': 0, '_num_worker_replicas': 1}
2017-12-15 21:15:29,509 - tensorflow - DEBUG - Transforming feature_column _NumericColumn(key='x', shape=(2413,), default_value=None, dtype=tf.float32, normalizer_fn=None).
2017-12-15 21:15:29,771 - tensorflow - INFO - Create CheckpointSaverHook.
2017-12-15 21:16:26,851 - tensorflow - INFO - this is a test message
2017-12-15 21:16:29,270 - tensorflow - INFO - Using default config.
2017-12-15 21:16:29,273 - tensorflow - WARNING - Using temporary folder as model directory: /var/folders/82/j4f142kd5_79ssjvmy2k_3pw0000gn/T/tmpls5r19ev
2017-12-15 21:16:29,275 - tensorflow - INFO - Using config: {'_model_dir': '/var/folders/82/j4f142kd5_79ssjvmy2k_3pw0000gn/T/tmpls5r19ev', '_tf_random_seed': None, '_save_summary_steps': 100, '_save_checkpoints_steps': None, '_save_checkpoints_secs': 600, '_session_config': None, '_keep_checkpoint_max': 5, '_keep_checkpoint_every_n_hours': 10000, '_log_step_count_steps': 100, '_service': None, '_cluster_spec': <tensorflow.python.training.server_lib.ClusterSpec object at 0x1a253b6710>, '_task_type': 'worker', '_task_id': 0, '_master': '', '_is_chief': True, '_num_ps_replicas': 0, '_num_worker_replicas': 1}
2017-12-15 21:16:29,315 - tensorflow - DEBUG - Transforming feature_column _NumericColumn(key='x', shape=(2413,), default_value=None, dtype=tf.float32, normalizer_fn=None).
2017-12-15 21:16:29,556 - tensorflow - INFO - Create CheckpointSaverHook.
2017-12-15 21:18:22,607 - tensorflow - INFO - this is a test message
2017-12-15 21:18:24,864 - tensorflow - INFO - Using default config.
2017-12-15 21:18:24,867 - tensorflow - WARNING - Using temporary folder as model directory: /var/folders/82/j4f142kd5_79ssjvmy2k_3pw0000gn/T/tmpuuj906so
2017-12-15 21:18:24,869 - tensorflow - INFO - Using config: {'_model_dir': '/var/folders/82/j4f142kd5_79ssjvmy2k_3pw0000gn/T/tmpuuj906so', '_tf_random_seed': None, '_save_summary_steps': 100, '_save_checkpoints_steps': None, '_save_checkpoints_secs': 600, '_session_config': None, '_keep_checkpoint_max': 5, '_keep_checkpoint_every_n_hours': 10000, '_log_step_count_steps': 100, '_service': None, '_cluster_spec': <tensorflow.python.training.server_lib.ClusterSpec object at 0x1a2abc7c50>, '_task_type': 'worker', '_task_id': 0, '_master': '', '_is_chief': True, '_num_ps_replicas': 0, '_num_worker_replicas': 1}
2017-12-15 21:18:24,902 - tensorflow - DEBUG - Transforming feature_column _NumericColumn(key='x', shape=(2413,), default_value=None, dtype=tf.float32, normalizer_fn=None).
2017-12-15 21:18:25,137 - tensorflow - INFO - Create CheckpointSaverHook.
